# JRE version: OpenJDK Runtime Environment Microsoft-8035246 (17.0.8+7) (build 17.0.8+7-LTS)
# Java VM: OpenJDK 64-Bit Server VM Microsoft-8035246 (17.0.8+7-LTS, mixed mode, sharing, tiered, compressed oops, compressed class ptrs, g1 gc, windows-amd64)
GC Precious Log:
 CPUs: 8 total, 8 available
 Memory: 6088M
 Large Page Support: Disabled
 NUMA Support: Disabled
 Compressed Oops: Enabled (32-bit)
 Heap Region Size: 1M
 Heap Min Capacity: 8M
 Heap Initial Capacity: 96M
 Heap Max Capacity: 2G
 Pre-touch: Disabled
 Parallel Workers: 8
 Concurrent Workers: 2
 Concurrent Refinement Workers: 8
 Periodic GC: Disabled
Heap:
 garbage-first heap   total 288768K, used 226736K [0x0000000080000000, 0x0000000100000000)
  region size 1024K, 53 young (54272K), 8 survivors (8192K)
 Metaspace       used 98993K, committed 100032K, reserved 557056K
  class space    used 13893K, committed 14400K, reserved 425984K
GC Heap History (20 events):
Event: 31.456 GC heap before
{Heap before GC invocations=42 (full 0):
 garbage-first heap   total 145408K, used 87997K [0x0000000080000000, 0x0000000100000000)
  region size 1024K, 7 young (7168K), 4 survivors (4096K)
 Metaspace       used 71604K, committed 72320K, reserved 491520K
  class space    used 10025K, committed 10368K, reserved 425984K
}
Event: 31.459 GC heap after
{Heap after GC invocations=43 (full 0):
 garbage-first heap   total 145408K, used 86693K [0x0000000080000000, 0x0000000100000000)
  region size 1024K, 1 young (1024K), 1 survivors (1024K)
 Metaspace       used 71604K, committed 72320K, reserved 491520K
  class space    used 10025K, committed 10368K, reserved 425984K
}
Event: 31.877 GC heap before
{Heap before GC invocations=43 (full 0):
 garbage-first heap   total 145408K, used 118437K [0x0000000080000000, 0x0000000100000000)
  region size 1024K, 32 young (32768K), 1 survivors (1024K)
 Metaspace       used 73724K, committed 74432K, reserved 491520K
  class space    used 10304K, committed 10624K, reserved 425984K
}
Event: 31.881 GC heap after
{Heap after GC invocations=44 (full 0):
 garbage-first heap   total 288768K, used 87996K [0x0000000080000000, 0x0000000100000000)
  region size 1024K, 2 young (2048K), 2 survivors (2048K)
 Metaspace       used 73724K, committed 74432K, reserved 491520K
  class space    used 10304K, committed 10624K, reserved 425984K
}
Event: 44.215 GC heap before
{Heap before GC invocations=44 (full 0):
 garbage-first heap   total 288768K, used 202684K [0x0000000080000000, 0x0000000100000000)
  region size 1024K, 114 young (116736K), 2 survivors (2048K)
 Metaspace       used 79102K, committed 79872K, reserved 557056K
  class space    used 11046K, committed 11392K, reserved 425984K
}
Event: 44.224 GC heap after
{Heap after GC invocations=45 (full 0):
 garbage-first heap   total 288768K, used 94696K [0x0000000080000000, 0x0000000100000000)
  region size 1024K, 9 young (9216K), 9 survivors (9216K)
 Metaspace       used 79102K, committed 79872K, reserved 557056K
  class space    used 11046K, committed 11392K, reserved 425984K
}
Event: 46.521 GC heap before
{Heap before GC invocations=45 (full 0):
 garbage-first heap   total 288768K, used 226792K [0x0000000080000000, 0x0000000100000000)
  region size 1024K, 136 young (139264K), 9 survivors (9216K)
 Metaspace       used 86164K, committed 86976K, reserved 557056K
  class space    used 12134K, committed 12544K, reserved 425984K
}
Event: 46.534 GC heap after
{Heap after GC invocations=46 (full 0):
 garbage-first heap   total 288768K, used 104451K [0x0000000080000000, 0x0000000100000000)
  region size 1024K, 17 young (17408K), 17 survivors (17408K)
 Metaspace       used 86164K, committed 86976K, reserved 557056K
  class space    used 12134K, committed 12544K, reserved 425984K
}
Event: 49.143 GC heap before
{Heap before GC invocations=46 (full 0):
 garbage-first heap   total 288768K, used 234499K [0x0000000080000000, 0x0000000100000000)
  region size 1024K, 138 young (141312K), 17 survivors (17408K)
 Metaspace       used 88363K, committed 89280K, reserved 557056K
  class space    used 12474K, committed 12928K, reserved 425984K
}
Event: 49.172 GC heap after
{Heap after GC invocations=47 (full 0):
 garbage-first heap   total 288768K, used 139059K [0x0000000080000000, 0x0000000100000000)
  region size 1024K, 18 young (18432K), 18 survivors (18432K)
 Metaspace       used 88363K, committed 89280K, reserved 557056K
  class space    used 12474K, committed 12928K, reserved 425984K
}
Event: 50.571 GC heap before
{Heap before GC invocations=47 (full 0):
 garbage-first heap   total 288768K, used 222003K [0x0000000080000000, 0x0000000100000000)
  region size 1024K, 100 young (102400K), 18 survivors (18432K)
 Metaspace       used 92000K, committed 93056K, reserved 557056K
  class space    used 13016K, committed 13504K, reserved 425984K
}
Event: 50.587 GC heap after
{Heap after GC invocations=48 (full 0):
 garbage-first heap   total 288768K, used 152793K [0x0000000080000000, 0x0000000100000000)
  region size 1024K, 12 young (12288K), 12 survivors (12288K)
 Metaspace       used 92000K, committed 93056K, reserved 557056K
  class space    used 13016K, committed 13504K, reserved 425984K
}
Event: 51.993 GC heap before
{Heap before GC invocations=48 (full 0):
 garbage-first heap   total 288768K, used 226521K [0x0000000080000000, 0x0000000100000000)
  region size 1024K, 84 young (86016K), 12 survivors (12288K)
 Metaspace       used 96514K, committed 97536K, reserved 557056K
  class space    used 13566K, committed 14080K, reserved 425984K
}
Event: 52.010 GC heap after
{Heap after GC invocations=49 (full 0):
 garbage-first heap   total 288768K, used 161154K [0x0000000080000000, 0x0000000100000000)
  region size 1024K, 8 young (8192K), 8 survivors (8192K)
 Metaspace       used 96514K, committed 97536K, reserved 557056K
  class space    used 13566K, committed 14080K, reserved 425984K
}
Event: 52.799 GC heap before
{Heap before GC invocations=49 (full 0):
 garbage-first heap   total 288768K, used 230786K [0x0000000080000000, 0x0000000100000000)
  region size 1024K, 76 young (77824K), 8 survivors (8192K)
 Metaspace       used 97399K, committed 98432K, reserved 557056K
  class space    used 13651K, committed 14144K, reserved 425984K
}
Event: 52.812 GC heap after
{Heap after GC invocations=50 (full 0):
 garbage-first heap   total 288768K, used 168978K [0x0000000080000000, 0x0000000100000000)
  region size 1024K, 8 young (8192K), 8 survivors (8192K)
 Metaspace       used 97399K, committed 98432K, reserved 557056K
  class space    used 13651K, committed 14144K, reserved 425984K
}
Event: 53.641 GC heap before
{Heap before GC invocations=50 (full 0):
 garbage-first heap   total 288768K, used 233490K [0x0000000080000000, 0x0000000100000000)
  region size 1024K, 72 young (73728K), 8 survivors (8192K)
 Metaspace       used 98564K, committed 99584K, reserved 557056K
  class space    used 13842K, committed 14336K, reserved 425984K
}
Event: 53.653 GC heap after
{Heap after GC invocations=51 (full 0):
 garbage-first heap   total 288768K, used 175585K [0x0000000080000000, 0x0000000100000000)
  region size 1024K, 7 young (7168K), 7 survivors (7168K)
 Metaspace       used 98564K, committed 99584K, reserved 557056K
  class space    used 13842K, committed 14336K, reserved 425984K
}
Event: 54.400 GC heap before
{Heap before GC invocations=51 (full 0):
 garbage-first heap   total 288768K, used 236001K [0x0000000080000000, 0x0000000100000000)
  region size 1024K, 67 young (68608K), 7 survivors (7168K)
 Metaspace       used 98983K, committed 100032K, reserved 557056K
  class space    used 13892K, committed 14400K, reserved 425984K
}
Event: 54.411 GC heap after
{Heap after GC invocations=52 (full 0):
 garbage-first heap   total 288768K, used 181680K [0x0000000080000000, 0x0000000100000000)
  region size 1024K, 8 young (8192K), 8 survivors (8192K)
 Metaspace       used 98983K, committed 100032K, reserved 557056K
  class space    used 13892K, committed 14400K, reserved 425984K
}

