# JRE version: OpenJDK Runtime Environment Microsoft-8035246 (17.0.8+7) (build 17.0.8+7-LTS)
# Java VM: OpenJDK 64-Bit Server VM Microsoft-8035246 (17.0.8+7-LTS, mixed mode, sharing, tiered, compressed oops, compressed class ptrs, g1 gc, windows-amd64)
GC Precious Log:
 CPUs: 8 total, 8 available
 Memory: 6088M
 Large Page Support: Disabled
 NUMA Support: Disabled
 Compressed Oops: Enabled (32-bit)
 Heap Region Size: 1M
 Heap Min Capacity: 8M
 Heap Initial Capacity: 96M
 Heap Max Capacity: 2G
 Pre-touch: Disabled
 Parallel Workers: 8
 Concurrent Workers: 2
 Concurrent Refinement Workers: 8
 Periodic GC: Disabled
Heap:
 garbage-first heap   total 307200K, used 182059K [0x0000000080000000, 0x0000000100000000)
  region size 1024K, 10 young (10240K), 6 survivors (6144K)
 Metaspace       used 98921K, committed 99968K, reserved 557056K
  class space    used 13897K, committed 14400K, reserved 425984K
GC Heap History (20 events):
Event: 53.131 GC heap before
{Heap before GC invocations=56 (full 0):
 garbage-first heap   total 227328K, used 179343K [0x0000000080000000, 0x0000000100000000)
  region size 1024K, 47 young (48128K), 7 survivors (7168K)
 Metaspace       used 89149K, committed 90048K, reserved 557056K
  class space    used 12576K, committed 12992K, reserved 425984K
}
Event: 53.142 GC heap after
{Heap after GC invocations=57 (full 0):
 garbage-first heap   total 227328K, used 148279K [0x0000000080000000, 0x0000000100000000)
  region size 1024K, 6 young (6144K), 6 survivors (6144K)
 Metaspace       used 89149K, committed 90048K, reserved 557056K
  class space    used 12576K, committed 12992K, reserved 425984K
}
Event: 53.685 GC heap before
{Heap before GC invocations=57 (full 0):
 garbage-first heap   total 227328K, used 183095K [0x0000000080000000, 0x0000000100000000)
  region size 1024K, 40 young (40960K), 6 survivors (6144K)
 Metaspace       used 91743K, committed 92800K, reserved 557056K
  class space    used 12973K, committed 13504K, reserved 425984K
}
Event: 53.693 GC heap after
{Heap after GC invocations=58 (full 0):
 garbage-first heap   total 227328K, used 151114K [0x0000000080000000, 0x0000000100000000)
  region size 1024K, 2 young (2048K), 2 survivors (2048K)
 Metaspace       used 91743K, committed 92800K, reserved 557056K
  class space    used 12973K, committed 13504K, reserved 425984K
}
Event: 54.478 GC heap before
{Heap before GC invocations=59 (full 0):
 garbage-first heap   total 263168K, used 185930K [0x0000000080000000, 0x0000000100000000)
  region size 1024K, 36 young (36864K), 2 survivors (2048K)
 Metaspace       used 94693K, committed 95744K, reserved 557056K
  class space    used 13346K, committed 13824K, reserved 425984K
}
Event: 54.485 GC heap after
{Heap after GC invocations=60 (full 0):
 garbage-first heap   total 263168K, used 153738K [0x0000000080000000, 0x0000000100000000)
  region size 1024K, 5 young (5120K), 5 survivors (5120K)
 Metaspace       used 94693K, committed 95744K, reserved 557056K
  class space    used 13346K, committed 13824K, reserved 425984K
}
Event: 54.603 GC heap before
{Heap before GC invocations=60 (full 0):
 garbage-first heap   total 263168K, used 160906K [0x0000000080000000, 0x0000000100000000)
  region size 1024K, 12 young (12288K), 5 survivors (5120K)
 Metaspace       used 94933K, committed 96000K, reserved 557056K
  class space    used 13381K, committed 13888K, reserved 425984K
}
Event: 54.609 GC heap after
{Heap after GC invocations=61 (full 0):
 garbage-first heap   total 263168K, used 153860K [0x0000000080000000, 0x0000000100000000)
  region size 1024K, 2 young (2048K), 2 survivors (2048K)
 Metaspace       used 94933K, committed 96000K, reserved 557056K
  class space    used 13381K, committed 13888K, reserved 425984K
}
Event: 55.445 GC heap before
{Heap before GC invocations=61 (full 0):
 garbage-first heap   total 263168K, used 213252K [0x0000000080000000, 0x0000000100000000)
  region size 1024K, 60 young (61440K), 2 survivors (2048K)
 Metaspace       used 96942K, committed 97984K, reserved 557056K
  class space    used 13617K, committed 14080K, reserved 425984K
}
Event: 55.453 GC heap after
{Heap after GC invocations=62 (full 0):
 garbage-first heap   total 263168K, used 159898K [0x0000000080000000, 0x0000000100000000)
  region size 1024K, 8 young (8192K), 8 survivors (8192K)
 Metaspace       used 96942K, committed 97984K, reserved 557056K
  class space    used 13617K, committed 14080K, reserved 425984K
}
Event: 56.018 GC heap before
{Heap before GC invocations=62 (full 0):
 garbage-first heap   total 263168K, used 214170K [0x0000000080000000, 0x0000000100000000)
  region size 1024K, 61 young (62464K), 8 survivors (8192K)
 Metaspace       used 97418K, committed 98432K, reserved 557056K
  class space    used 13661K, committed 14144K, reserved 425984K
}
Event: 56.031 GC heap after
{Heap after GC invocations=63 (full 0):
 garbage-first heap   total 263168K, used 165909K [0x0000000080000000, 0x0000000100000000)
  region size 1024K, 6 young (6144K), 6 survivors (6144K)
 Metaspace       used 97418K, committed 98432K, reserved 557056K
  class space    used 13661K, committed 14144K, reserved 425984K
}
Event: 56.585 GC heap before
{Heap before GC invocations=63 (full 0):
 garbage-first heap   total 263168K, used 216085K [0x0000000080000000, 0x0000000100000000)
  region size 1024K, 56 young (57344K), 6 survivors (6144K)
 Metaspace       used 98457K, committed 99520K, reserved 557056K
  class space    used 13845K, committed 14336K, reserved 425984K
}
Event: 56.596 GC heap after
{Heap after GC invocations=64 (full 0):
 garbage-first heap   total 263168K, used 170823K [0x0000000080000000, 0x0000000100000000)
  region size 1024K, 5 young (5120K), 5 survivors (5120K)
 Metaspace       used 98457K, committed 99520K, reserved 557056K
  class space    used 13845K, committed 14336K, reserved 425984K
}
Event: 57.353 GC heap before
{Heap before GC invocations=65 (full 0):
 garbage-first heap   total 307200K, used 214855K [0x0000000080000000, 0x0000000100000000)
  region size 1024K, 49 young (50176K), 5 survivors (5120K)
 Metaspace       used 98894K, committed 99904K, reserved 557056K
  class space    used 13895K, committed 14400K, reserved 425984K
}
Event: 57.363 GC heap after
{Heap after GC invocations=66 (full 0):
 garbage-first heap   total 307200K, used 176442K [0x0000000080000000, 0x0000000100000000)
  region size 1024K, 7 young (7168K), 7 survivors (7168K)
 Metaspace       used 98894K, committed 99904K, reserved 557056K
  class space    used 13895K, committed 14400K, reserved 425984K
}
Event: 57.402 GC heap before
{Heap before GC invocations=66 (full 0):
 garbage-first heap   total 307200K, used 184634K [0x0000000080000000, 0x0000000100000000)
  region size 1024K, 15 young (15360K), 7 survivors (7168K)
 Metaspace       used 98903K, committed 99968K, reserved 557056K
  class space    used 13895K, committed 14400K, reserved 425984K
}
Event: 57.409 GC heap after
{Heap after GC invocations=67 (full 0):
 garbage-first heap   total 307200K, used 175707K [0x0000000080000000, 0x0000000100000000)
  region size 1024K, 2 young (2048K), 2 survivors (2048K)
 Metaspace       used 98903K, committed 99968K, reserved 557056K
  class space    used 13895K, committed 14400K, reserved 425984K
}
Event: 58.191 GC heap before
{Heap before GC invocations=67 (full 0):
 garbage-first heap   total 307200K, used 253531K [0x0000000080000000, 0x0000000100000000)
  region size 1024K, 78 young (79872K), 2 survivors (2048K)
 Metaspace       used 98921K, committed 99968K, reserved 557056K
  class space    used 13897K, committed 14400K, reserved 425984K
}
Event: 58.196 GC heap after
{Heap after GC invocations=68 (full 0):
 garbage-first heap   total 307200K, used 178987K [0x0000000080000000, 0x0000000100000000)
  region size 1024K, 6 young (6144K), 6 survivors (6144K)
 Metaspace       used 98921K, committed 99968K, reserved 557056K
  class space    used 13897K, committed 14400K, reserved 425984K
}

